POSA_Communication/POSA_COm_AS3/app/build/outputs/logs/manifest-merger-debug-report.txt
-- Merging decision tree log ---
manifest
ADDED from AndroidManifest.xml:2:1
	xmlns:android
		ADDED from AndroidManifest.xml:2:11
	package
		ADDED from AndroidManifest.xml:3:5
		INJECTED from AndroidManifest.xml:0:0
		INJECTED from AndroidManifest.xml:0:0
	android:versionName
		ADDED from AndroidManifest.xml:5:5
	android:versionCode
		ADDED from AndroidManifest.xml:4:5
		INJECTED from AndroidManifest.xml:0:0
		INJECTED from AndroidManifest.xml:0:0
uses-sdk
ADDED from AndroidManifest.xml:7:5
	android:targetSdkVersion
		ADDED from AndroidManifest.xml:9:9
		INJECTED from AndroidManifest.xml:0:0
		INJECTED from AndroidManifest.xml:0:0
	android:minSdkVersion
		ADDED from AndroidManifest.xml:8:9
		INJECTED from AndroidManifest.xml:0:0
		INJECTED from AndroidManifest.xml:0:0
uses-permission#android.permission.INTERNET
ADDED from AndroidManifest.xml:11:5
	android:name
		ADDED from AndroidManifest.xml:12:4
uses-permission#android.permission.WRITE_EXTERNAL_STORAGE
ADDED from AndroidManifest.xml:13:2
	android:name
		ADDED from AndroidManifest.xml:14:4
application
ADDED from AndroidManifest.xml:16:2
	android:label
		ADDED from AndroidManifest.xml:18:5
	android:icon
		ADDED from AndroidManifest.xml:17:5
activity#vandy.mooc.DownloadActivity
ADDED from AndroidManifest.xml:20:5
	android:label
		ADDED from AndroidManifest.xml:22:7
	android:name
		ADDED from AndroidManifest.xml:21:7
intent-filter#android.intent.action.MAIN+android.intent.category.LAUNCHER
ADDED from AndroidManifest.xml:23:7
action#android.intent.action.MAIN
ADDED from AndroidManifest.xml:24:9
	android:name
		ADDED from AndroidManifest.xml:24:17
category#android.intent.category.LAUNCHER
ADDED from AndroidManifest.xml:25:9
	android:name
		ADDED from AndroidManifest.xml:25:19
service#vandy.mooc.DownloadBoundServiceSync
ADDED from AndroidManifest.xml:29:4
	android:process
		ADDED from AndroidManifest.xml:30:8
	android:name
		ADDED from AndroidManifest.xml:29:13
service#vandy.mooc.DownloadBoundServiceAsync
ADDED from AndroidManifest.xml:32:4
	android:process
		ADDED from AndroidManifest.xml:33:8
	android:name
		ADDED from AndroidManifest.xml:32:13